<?xml version="1.0" encoding="UTF-8"?>
<!-- Generated by org.testng.reporters.JUnitXMLReporter -->
<testsuite hostname="EPRUPETW6152" ignored="0" name="Yandex speller functional tests" tests="3" failures="0" timestamp="01 Aug 2019 19:09:38 GMT" time="2.244" errors="0">
  <testcase name="verifyCorrectSuggestionsForText" time="1.728" classname="speller.functional.SpellerTests"/>
  <testcase name="verifyCorrectSuggestionsForTexts" time="0.27" classname="speller.functional.SpellerTests"/>
  <testcase name="verifyResultAttributes" time="0.229" classname="speller.functional.SpellerTests"/>
</testsuite> <!-- Yandex speller functional tests -->
