<?xml version="1.0" encoding="UTF-8"?>
<testng-results skipped="0" failed="0" ignored="0" total="3" passed="3">
  <reporter-output>
  </reporter-output>
  <suite name="Yandex speller functional tests" duration-ms="2244" started-at="2019-08-01T19:09:36Z" finished-at="2019-08-01T19:09:38Z">
    <groups>
    </groups>
    <test name="Yandex speller functional tests" duration-ms="2244" started-at="2019-08-01T19:09:36Z" finished-at="2019-08-01T19:09:38Z">
      <class name="speller.functional.SpellerTests">
        <test-method status="PASS" signature="verifyCorrectSuggestionsForText()[pri:0, instance:speller.functional.SpellerTests@5dfcfece]" name="verifyCorrectSuggestionsForText" duration-ms="1728" started-at="2019-08-01T19:09:36Z" description="Verify that checkText endpoint returns correct suggestions" finished-at="2019-08-01T19:09:38Z">
          <reporter-output>
          </reporter-output>
        </test-method> <!-- verifyCorrectSuggestionsForText -->
        <test-method status="PASS" signature="verifyCorrectSuggestionsForTexts()[pri:0, instance:speller.functional.SpellerTests@5dfcfece]" name="verifyCorrectSuggestionsForTexts" duration-ms="270" started-at="2019-08-01T19:09:38Z" description="Verify that checkTexts returns correct suggestions" finished-at="2019-08-01T19:09:38Z">
          <reporter-output>
          </reporter-output>
        </test-method> <!-- verifyCorrectSuggestionsForTexts -->
        <test-method status="PASS" signature="verifyResultAttributes()[pri:0, instance:speller.functional.SpellerTests@5dfcfece]" name="verifyResultAttributes" duration-ms="229" started-at="2019-08-01T19:09:38Z" description="Verify correctness of the result attributes" finished-at="2019-08-01T19:09:38Z">
          <reporter-output>
          </reporter-output>
        </test-method> <!-- verifyResultAttributes -->
      </class> <!-- speller.functional.SpellerTests -->
    </test> <!-- Yandex speller functional tests -->
  </suite> <!-- Yandex speller functional tests -->
</testng-results>
