<?xml version="1.0" encoding="UTF-8"?>
<testsuite xmlns:xsi="http://www.w3.org/2001/XMLSchema-instance" xsi:noNamespaceSchemaLocation="https://maven.apache.org/surefire/maven-surefire-plugin/xsd/surefire-test-report.xsd" name="TestSuite" time="3.28" tests="3" errors="0" skipped="0" failures="0">
  <properties>
[...]
</properties>
  <testcase name="verifyCorrectSuggestionsForText" classname="speller.functional.SpellerTests" time="1.728"/>
  <testcase name="verifyCorrectSuggestionsForTexts" classname="speller.functional.SpellerTests" time="0.293"/>
  <testcase name="verifyResultAttributes" classname="speller.functional.SpellerTests" time="0.218"/>
</testsuite>